\BOOKMARK [1][-]{section.1}{\376\377\000I\000n\000t\000r\000o\000d\000u\000c\000t\000i\000o\000n}{}% 1
\BOOKMARK [1][-]{section.2}{\376\377\000R\000e\000l\000a\000t\000e\000d\000\040\000W\000o\000r\000k\000s}{}% 2
\BOOKMARK [1][-]{section.3}{\376\377\000M\000a\000t\000e\000r\000i\000a\000l\000s}{}% 3
\BOOKMARK [2][-]{subsection.3.1}{\376\377\000D\000a\000t\000a\000s\000e\000t}{section.3}% 4
\BOOKMARK [2][-]{subsection.3.2}{\376\377\000D\000e\000s\000c\000r\000i\000p\000t\000i\000v\000e\000\040\000S\000t\000a\000t\000i\000s\000t\000i\000c\000s}{section.3}% 5
\BOOKMARK [1][-]{section.4}{\376\377\000M\000e\000t\000h\000o\000d\000o\000l\000o\000g\000y}{}% 6
\BOOKMARK [2][-]{subsection.4.1}{\376\377\000L\000i\000n\000e\000a\000r\000\040\000r\000e\000g\000r\000e\000s\000s\000i\000o\000n}{section.4}% 7
\BOOKMARK [2][-]{subsection.4.2}{\376\377\000A\000u\000t\000o\000r\000e\000g\000r\000e\000s\000s\000i\000v\000e\000\040\000I\000n\000t\000e\000g\000r\000a\000t\000e\000d\000\040\000M\000o\000v\000i\000n\000g\000\040\000A\000v\000e\000r\000a\000g\000e\000\040\000\050\000A\000R\000I\000M\000A\000\051}{section.4}% 8
\BOOKMARK [2][-]{subsection.4.3}{\376\377\000A\000u\000t\000o\000r\000e\000g\000r\000e\000s\000s\000i\000v\000e\000\040\000I\000n\000t\000e\000g\000r\000a\000t\000e\000d\000\040\000M\000o\000v\000i\000n\000g\000\040\000A\000v\000e\000r\000a\000g\000e\000\040\000w\000i\000t\000h\000\040\000e\000X\000o\000g\000e\000n\000o\000u\000s\000\040\000f\000a\000c\000t\000o\000r\000s\000\040\000\050\000S\000A\000R\000I\000M\000A\000X\000\051}{section.4}% 9
\BOOKMARK [2][-]{subsection.4.4}{\376\377\000R\000a\000n\000d\000o\000m\000\040\000F\000o\000r\000e\000s\000t}{section.4}% 10
\BOOKMARK [2][-]{subsection.4.5}{\376\377\000R\000e\000c\000u\000r\000r\000e\000n\000t\000\040\000N\000e\000u\000r\000a\000l\000\040\000N\000e\000t\000w\000o\000r\000k\000\040\000\050\000R\000N\000N\000\051}{section.4}% 11
\BOOKMARK [2][-]{subsection.4.6}{\376\377\000G\000a\000t\000e\000d\000\040\000R\000e\000c\000u\000r\000r\000e\000n\000t\000\040\000U\000n\000i\000t\000\040\000\050\000G\000R\000U\000\051}{section.4}% 12
\BOOKMARK [2][-]{subsection.4.7}{\376\377\000L\000o\000n\000g\000\040\000S\000h\000o\000r\000t\000-\000T\000e\000r\000m\000\040\000M\000e\000m\000o\000r\000y\000\040\000\050\000L\000S\000T\000M\000\051}{section.4}% 13
\BOOKMARK [2][-]{subsection.4.8}{\376\377\000N\000e\000u\000r\000a\000l\000\040\000B\000a\000s\000i\000s\000\040\000E\000x\000p\000a\000n\000s\000i\000o\000n\000\040\000A\000n\000a\000l\000y\000s\000i\000s\000\040\000T\000i\000m\000e\000\040\000S\000e\000r\000i\000e\000s\000\040\000\050\000N\000B\000E\000A\000T\000S\000\051}{section.4}% 14
\BOOKMARK [3][-]{subsubsection.4.8.1}{\376\377\000B\000a\000s\000i\000c\000\040\000b\000u\000i\000l\000d\000i\000n\000g\000\040\000b\000l\000o\000c\000k\000s}{subsection.4.8}% 15
\BOOKMARK [3][-]{subsubsection.4.8.2}{\376\377\000S\000t\000a\000c\000k\000i\000n\000g\000\040\000b\000l\000o\000c\000k\000s}{subsection.4.8}% 16
\BOOKMARK [1][-]{section.5}{\376\377\000R\000e\000s\000u\000l\000t}{}% 17
\BOOKMARK [2][-]{subsection.5.1}{\376\377\000E\000v\000a\000l\000u\000a\000t\000i\000o\000n\000\040\000m\000e\000t\000h\000o\000d\000s}{section.5}% 18
\BOOKMARK [2][-]{subsection.5.2}{\376\377\000B\000T\000C\000/\000U\000S\000D\000\040\000D\000a\000t\000a\000s\000e\000t}{section.5}% 19
\BOOKMARK [2][-]{subsection.5.3}{\376\377\000E\000T\000H\000/\000U\000S\000D\000\040\000D\000a\000t\000a\000s\000e\000t}{section.5}% 20
\BOOKMARK [2][-]{subsection.5.4}{\376\377\000B\000N\000B\000/\000U\000S\000D\000\040\000D\000a\000t\000a\000s\000e\000t}{section.5}% 21
\BOOKMARK [1][-]{section.6}{\376\377\000C\000o\000n\000c\000l\000u\000s\000i\000o\000n}{}% 22
\BOOKMARK [2][-]{subsection.6.1}{\376\377\000S\000u\000m\000m\000a\000r\000y}{section.6}% 23
\BOOKMARK [2][-]{subsection.6.2}{\376\377\000F\000u\000t\000u\000r\000e\000\040\000C\000o\000n\000s\000i\000d\000e\000r\000a\000t\000i\000o\000n\000s}{section.6}% 24
\BOOKMARK [1][-]{section*.1}{\376\377\000A\000c\000k\000n\000o\000w\000l\000e\000d\000g\000m\000e\000n\000t}{}% 25
\BOOKMARK [1][-]{section*.2}{\376\377\000R\000E\000F\000E\000R\000E\000N\000C\000E\000S}{}% 26
